
**** Build of configuration Debug for project Tutorial_1 ****

"C:\\ti\\ccsv5\\utils\\bin\\gmake" -k all 
'Building file: ../source/sys_main.c'
'Invoking: ARM Compiler'
"C:/ti/ccsv5/tools/compiler/arm_5.1.1/bin/armcl" -mv7R4 --code_state=32 --abi=eabi -me --include_path="C:/ti/ccsv5/tools/compiler/arm_5.1.1/include" --include_path="D:/Users/Diego/Documents/Hercules Tutorials/Tutorial 1/Tutorial_1/include" -g --diag_warning=225 --display_error_number --diag_wrap=off --enum_type=packed --preproc_with_compile --preproc_dependency="source/sys_main.pp" --obj_directory="source"  "../source/sys_main.c"
'Finished building: ../source/sys_main.c'
' '
'Building target: Tutorial_1.out'
'Invoking: ARM Linker'
"C:/ti/ccsv5/tools/compiler/arm_5.1.1/bin/armcl" -mv7R4 --code_state=32 --abi=eabi -me -g --diag_warning=225 --display_error_number --diag_wrap=off --enum_type=packed -z -m"Tutorial_1.map" --heap_size=0x800 --stack_size=0x800 -i"C:/ti/ccsv5/tools/compiler/arm_5.1.1/lib" -i"C:/ti/ccsv5/tools/compiler/arm_5.1.1/include" --reread_libs --warn_sections --display_error_number --diag_wrap=off --xml_link_info="Tutorial_1_linkInfo.xml" --rom_model -o "Tutorial_1.out"  "./source/system.obj" "./source/sys_vim.obj" "./source/sys_startup.obj" "./source/sys_selftest.obj" "./source/sys_pmu.obj" "./source/sys_phantom.obj" "./source/sys_pcr.obj" "./source/sys_mpu.obj" "./source/sys_main.obj" "./source/sys_intvecs.obj" "./source/sys_core.obj" "./source/pinmux.obj" "./source/notification.obj" "./source/het.obj" "./source/esm.obj" "./source/dabort.obj" "../source/sys_link.cmd" -l"libc.a" 
<Linking>
'Finished building target: Tutorial_1.out'
' '

**** Build Finished ****

**** Build of configuration Debug for project Tutorial_1 ****

"C:\\ti\\ccsv5\\utils\\bin\\gmake" -k all 
gmake: Nothing to be done for `all'.

**** Build Finished ****

**** Build of configuration Debug for project Tutorial_1 ****

"C:\\ti\\ccsv5\\utils\\bin\\gmake" -k all 
gmake: Nothing to be done for `all'.

**** Build Finished ****

**** Build of configuration Debug for project Tutorial_1 ****

"C:\\ti\\ccsv5\\utils\\bin\\gmake" -k all 
gmake: Nothing to be done for `all'.

**** Build Finished ****
